<?xml version="1.0" encoding="UTF-8"?>
<!-- Generated by org.testng.reporters.JUnitXMLReporter -->
<testsuite ignored="0" hostname="DESKTOP-0DKFTTS" failures="0" tests="7" name="Accounts Page Test" time="25.688" errors="0" timestamp="2024-06-19T14:19:10 PDT">
  <testcase classname="com.qa.opencart.tests.AccountsPageTests" name="accPageHeadersList" time="0.407"/>
  <testcase classname="com.qa.opencart.tests.AccountsPageTests" name="accountPageTitleTest" time="0.211"/>
  <testcase classname="com.qa.opencart.tests.AccountsPageTests" name="accountPageUrlTest" time="0.034"/>
  <testcase classname="com.qa.opencart.tests.AccountsPageTests" name="searchTest" time="1.15"/>
  <testcase classname="com.qa.opencart.tests.AccountsPageTests" name="searchTest" time="1.146"/>
  <testcase classname="com.qa.opencart.tests.AccountsPageTests" name="searchTest" time="1.112"/>
  <testcase classname="com.qa.opencart.tests.AccountsPageTests" name="searchTest" time="11.045"/>
</testsuite> <!-- Accounts Page Test -->
