<?xml version="1.0" encoding="UTF-8"?>
<!-- Generated by org.testng.reporters.JUnitXMLReporter -->
<testsuite ignored="0" hostname="DESKTOP-0DKFTTS" failures="0" tests="4" name="Login Page Test" time="10.904" errors="0" timestamp="2024-06-19T14:18:55 PDT">
  <testcase classname="com.qa.opencart.tests.LoginPageTests" name="loginPageTitleTest" time="1.972"/>
  <testcase classname="com.qa.opencart.tests.LoginPageTests" name="loginPageUrlTest" time="0.061"/>
  <testcase classname="com.qa.opencart.tests.LoginPageTests" name="frgtPasswordLinkExistTest" time="0.239"/>
  <testcase classname="com.qa.opencart.tests.LoginPageTests" name="loginTest" time="1.878"/>
</testsuite> <!-- Login Page Test -->
