<?xml version="1.0" encoding="UTF-8"?>
<!-- Generated by org.testng.reporters.JUnitXMLReporter -->
<testsuite ignored="0" hostname="DESKTOP-0DKFTTS" failures="0" tests="11" name="ProductInfo Page Test" time="31.518" errors="0" timestamp="2024-06-19T14:19:16 PDT">
  <testcase classname="com.qa.opencart.tests.ProductInfoPageTests" name="productHeaderTest" time="2.809"/>
  <testcase classname="com.qa.opencart.tests.ProductInfoPageTests" name="productHeaderTest" time="1.95"/>
  <testcase classname="com.qa.opencart.tests.ProductInfoPageTests" name="productHeaderTest" time="1.794"/>
  <testcase classname="com.qa.opencart.tests.ProductInfoPageTests" name="productHeaderTest" time="2.117"/>
  <testcase classname="com.qa.opencart.tests.ProductInfoPageTests" name="productHeaderTest" time="2.181"/>
  <testcase classname="com.qa.opencart.tests.ProductInfoPageTests" name="productImagesCountTest" time="1.77"/>
  <testcase classname="com.qa.opencart.tests.ProductInfoPageTests" name="productImagesCountTest" time="1.623"/>
  <testcase classname="com.qa.opencart.tests.ProductInfoPageTests" name="productImagesCountTest" time="1.599"/>
  <testcase classname="com.qa.opencart.tests.ProductInfoPageTests" name="productImagesCountTest" time="1.693"/>
  <testcase classname="com.qa.opencart.tests.ProductInfoPageTests" name="productImagesCountTest" time="1.595"/>
  <testcase classname="com.qa.opencart.tests.ProductInfoPageTests" name="productInfoTest" time="2.095"/>
</testsuite> <!-- ProductInfo Page Test -->
