<?xml version="1.0" encoding="UTF-8"?>
<!-- Generated by org.testng.reporters.JUnitXMLReporter -->
<testsuite ignored="0" hostname="DESKTOP-0DKFTTS" failures="0" tests="4" name="Default test" time="13.966" errors="0" timestamp="2024-06-28T22:01:15 PDT">
  <testcase classname="com.qa.opencart.tests.LoginPageTests" name="loginPageTitleTest" time="0.304"/>
  <testcase classname="com.qa.opencart.tests.LoginPageTests" name="loginPageUrlTest" time="0.035"/>
  <testcase classname="com.qa.opencart.tests.LoginPageTests" name="frgtPasswordLinkExistTest" time="0.419"/>
  <testcase classname="com.qa.opencart.tests.LoginPageTests" name="loginTest" time="1.291"/>
</testsuite> <!-- Default test -->
