<?xml version="1.0" encoding="UTF-8"?>
<!-- Generated by org.testng.reporters.JUnitXMLReporter -->
<testsuite ignored="0" hostname="DESKTOP-0DKFTTS" failures="0" tests="7" name="Account Page Test" time="48.961" errors="0" timestamp="2024-07-15T20:57:54 PDT">
  <testcase classname="com.qa.opencart.tests.AccountsPageTests" name="accPageHeadersList" time="2.712"/>
  <testcase classname="com.qa.opencart.tests.AccountsPageTests" name="accountPageTitleTest" time="0.411"/>
  <testcase classname="com.qa.opencart.tests.AccountsPageTests" name="accountPageUrlTest" time="0.447"/>
  <testcase classname="com.qa.opencart.tests.AccountsPageTests" name="searchTest" time="5.528"/>
  <testcase classname="com.qa.opencart.tests.AccountsPageTests" name="searchTest" time="2.704"/>
  <testcase classname="com.qa.opencart.tests.AccountsPageTests" name="searchTest" time="2.965"/>
  <testcase classname="com.qa.opencart.tests.AccountsPageTests" name="searchTest" time="12.325"/>
</testsuite> <!-- Account Page Test -->
