<?xml version="1.0" encoding="UTF-8"?>
<!-- Generated by org.testng.reporters.JUnitXMLReporter -->
<testsuite ignored="0" hostname="DESKTOP-0DKFTTS" failures="0" tests="7" name="Account Page Test" time="49.73" errors="0" timestamp="2024-06-28T22:57:00 PDT">
  <testcase classname="com.qa.opencart.tests.AccountsPageTests" name="accPageHeadersList" time="0.253"/>
  <testcase classname="com.qa.opencart.tests.AccountsPageTests" name="accountPageTitleTest" time="0.032"/>
  <testcase classname="com.qa.opencart.tests.AccountsPageTests" name="accountPageUrlTest" time="0.031"/>
  <testcase classname="com.qa.opencart.tests.AccountsPageTests" name="searchTest" time="3.67"/>
  <testcase classname="com.qa.opencart.tests.AccountsPageTests" name="searchTest" time="3.197"/>
  <testcase classname="com.qa.opencart.tests.AccountsPageTests" name="searchTest" time="2.942"/>
  <testcase classname="com.qa.opencart.tests.AccountsPageTests" name="searchTest" time="13.147"/>
</testsuite> <!-- Account Page Test -->
