<?xml version="1.0" encoding="UTF-8"?>
<!-- Generated by org.testng.reporters.JUnitXMLReporter -->
<testsuite ignored="0" hostname="DESKTOP-0DKFTTS" failures="0" tests="4" name="Login Page Test" time="25.286" errors="0" timestamp="2024-07-15T20:57:30 PDT">
  <testcase classname="com.qa.opencart.tests.LoginPageTests" name="loginPageTitleTest" time="1.071"/>
  <testcase classname="com.qa.opencart.tests.LoginPageTests" name="loginPageUrlTest" time="0.366"/>
  <testcase classname="com.qa.opencart.tests.LoginPageTests" name="frgtPasswordLinkExistTest" time="1.01"/>
  <testcase classname="com.qa.opencart.tests.LoginPageTests" name="loginTest" time="7.612"/>
</testsuite> <!-- Login Page Test -->
