<?xml version="1.0" encoding="UTF-8"?>
<!-- Generated by org.testng.reporters.JUnitXMLReporter -->
<testsuite ignored="0" hostname="DESKTOP-0DKFTTS" failures="0" tests="11" name="ProductionInfo Page Test" time="77.035" errors="0" timestamp="2024-06-28T22:57:27 PDT">
  <testcase classname="com.qa.opencart.tests.ProductInfoPageTests" name="productHeaderTest" time="8.223"/>
  <testcase classname="com.qa.opencart.tests.ProductInfoPageTests" name="productHeaderTest" time="5.529"/>
  <testcase classname="com.qa.opencart.tests.ProductInfoPageTests" name="productHeaderTest" time="5.514"/>
  <testcase classname="com.qa.opencart.tests.ProductInfoPageTests" name="productHeaderTest" time="5.573"/>
  <testcase classname="com.qa.opencart.tests.ProductInfoPageTests" name="productHeaderTest" time="5.294"/>
  <testcase classname="com.qa.opencart.tests.ProductInfoPageTests" name="productImagesCountTest" time="4.235"/>
  <testcase classname="com.qa.opencart.tests.ProductInfoPageTests" name="productImagesCountTest" time="4.274"/>
  <testcase classname="com.qa.opencart.tests.ProductInfoPageTests" name="productImagesCountTest" time="4.465"/>
  <testcase classname="com.qa.opencart.tests.ProductInfoPageTests" name="productImagesCountTest" time="4.358"/>
  <testcase classname="com.qa.opencart.tests.ProductInfoPageTests" name="productImagesCountTest" time="4.218"/>
  <testcase classname="com.qa.opencart.tests.ProductInfoPageTests" name="productInfoTest" time="5.356"/>
</testsuite> <!-- ProductionInfo Page Test -->
