<?xml version="1.0" encoding="UTF-8"?>
<!-- Generated by org.testng.reporters.JUnitXMLReporter -->
<testsuite ignored="0" hostname="DESKTOP-0DKFTTS" failures="0" tests="11" name="ProductionInfo Page Test" time="65.031" errors="0" timestamp="2024-07-15T20:58:10 PDT">
  <testcase classname="com.qa.opencart.tests.ProductInfoPageTests" name="productHeaderTest" time="9.737"/>
  <testcase classname="com.qa.opencart.tests.ProductInfoPageTests" name="productHeaderTest" time="3.883"/>
  <testcase classname="com.qa.opencart.tests.ProductInfoPageTests" name="productHeaderTest" time="4.531"/>
  <testcase classname="com.qa.opencart.tests.ProductInfoPageTests" name="productHeaderTest" time="3.011"/>
  <testcase classname="com.qa.opencart.tests.ProductInfoPageTests" name="productHeaderTest" time="2.586"/>
  <testcase classname="com.qa.opencart.tests.ProductInfoPageTests" name="productImagesCountTest" time="2.968"/>
  <testcase classname="com.qa.opencart.tests.ProductInfoPageTests" name="productImagesCountTest" time="3.517"/>
  <testcase classname="com.qa.opencart.tests.ProductInfoPageTests" name="productImagesCountTest" time="3.269"/>
  <testcase classname="com.qa.opencart.tests.ProductInfoPageTests" name="productImagesCountTest" time="3.234"/>
  <testcase classname="com.qa.opencart.tests.ProductInfoPageTests" name="productImagesCountTest" time="2.589"/>
  <testcase classname="com.qa.opencart.tests.ProductInfoPageTests" name="productInfoTest" time="4.265"/>
</testsuite> <!-- ProductionInfo Page Test -->
