<?xml version="1.0" encoding="UTF-8"?>
<!-- Generated by org.testng.reporters.JUnitXMLReporter -->
<testsuite ignored="0" hostname="DESKTOP-0DKFTTS" failures="0" tests="3" name="Registration Page Tests" time="33.42" errors="0" timestamp="2024-07-15T20:58:06 PDT">
  <testcase classname="com.qa.opencart.tests.RegistrationPageTests" name="userRegistrationTest" time="8.271"/>
  <testcase classname="com.qa.opencart.tests.RegistrationPageTests" name="userRegistrationTest" time="7.867"/>
  <testcase classname="com.qa.opencart.tests.RegistrationPageTests" name="userRegistrationTest" time="7.857"/>
</testsuite> <!-- Registration Page Tests -->
