<?xml version="1.0" encoding="UTF-8"?>
<!-- Generated by org.testng.reporters.JUnitXMLReporter -->
<testsuite ignored="0" hostname="DESKTOP-0DKFTTS" failures="0" tests="3" name="Registration Page Tests" time="49.491" errors="0" timestamp="2024-06-28T22:57:23 PDT">
  <testcase classname="com.qa.opencart.tests.RegistrationPageTests" name="userRegistrationTest" time="15.204"/>
  <testcase classname="com.qa.opencart.tests.RegistrationPageTests" name="userRegistrationTest" time="13.38"/>
  <testcase classname="com.qa.opencart.tests.RegistrationPageTests" name="userRegistrationTest" time="13.758"/>
</testsuite> <!-- Registration Page Tests -->
