<?xml version="1.0" encoding="UTF-8"?>
<testng-results ignored="0" total="25" passed="25" failed="0" skipped="0">
  <reporter-output>
  </reporter-output>
  <suite started-at="2024-07-15T20:57:05 PDT" name="OpenCart App Regression Test" finished-at="2024-07-15T20:58:10 PDT" duration-ms="65031">
    <groups>
    </groups>
    <test started-at="2024-07-15T20:57:05 PDT" name="Login Page Test" finished-at="2024-07-15T20:57:30 PDT" duration-ms="25286">
      <class name="com.qa.opencart.tests.LoginPageTests">
        <test-method is-config="true" signature="setUp(java.lang.String)[pri:0, instance:com.qa.opencart.tests.LoginPageTests@de81be1]" started-at="2024-07-15T20:57:05 PDT" name="setUp" finished-at="2024-07-15T20:57:18 PDT" duration-ms="13368" status="PASS">
          <params>
            <param index="0">
              <value>
                <![CDATA[chrome]]>
              </value>
            </param>
          </params>
          <reporter-output>
          </reporter-output>
        </test-method> <!-- setUp -->
        <test-method signature="loginPageTitleTest()[pri:1, instance:com.qa.opencart.tests.LoginPageTests@de81be1]" started-at="2024-07-15T20:57:18 PDT" name="loginPageTitleTest" finished-at="2024-07-15T20:57:19 PDT" duration-ms="1071" status="PASS">
          <reporter-output>
          </reporter-output>
        </test-method> <!-- loginPageTitleTest -->
        <test-method signature="loginPageUrlTest()[pri:2, instance:com.qa.opencart.tests.LoginPageTests@de81be1]" started-at="2024-07-15T20:57:20 PDT" name="loginPageUrlTest" finished-at="2024-07-15T20:57:21 PDT" duration-ms="366" status="PASS">
          <reporter-output>
          </reporter-output>
        </test-method> <!-- loginPageUrlTest -->
        <test-method signature="frgtPasswordLinkExistTest()[pri:3, instance:com.qa.opencart.tests.LoginPageTests@de81be1]" started-at="2024-07-15T20:57:21 PDT" name="frgtPasswordLinkExistTest" finished-at="2024-07-15T20:57:22 PDT" duration-ms="1010" status="PASS">
          <reporter-output>
          </reporter-output>
        </test-method> <!-- frgtPasswordLinkExistTest -->
        <test-method signature="loginTest()[pri:4, instance:com.qa.opencart.tests.LoginPageTests@de81be1]" started-at="2024-07-15T20:57:22 PDT" name="loginTest" finished-at="2024-07-15T20:57:29 PDT" duration-ms="7612" status="PASS">
          <reporter-output>
          </reporter-output>
        </test-method> <!-- loginTest -->
        <test-method is-config="true" signature="tearDown()[pri:0, instance:com.qa.opencart.tests.LoginPageTests@de81be1]" started-at="2024-07-15T20:57:29 PDT" name="tearDown" finished-at="2024-07-15T20:57:30 PDT" duration-ms="439" status="PASS">
          <reporter-output>
          </reporter-output>
        </test-method> <!-- tearDown -->
      </class> <!-- com.qa.opencart.tests.LoginPageTests -->
    </test> <!-- Login Page Test -->
    <test started-at="2024-07-15T20:57:05 PDT" name="Account Page Test" finished-at="2024-07-15T20:57:54 PDT" duration-ms="48961">
      <class name="com.qa.opencart.tests.AccountsPageTests">
        <test-method is-config="true" signature="setUp(java.lang.String)[pri:0, instance:com.qa.opencart.tests.AccountsPageTests@1526f71]" started-at="2024-07-15T20:57:05 PDT" name="setUp" finished-at="2024-07-15T20:57:18 PDT" duration-ms="13123" status="PASS">
          <params>
            <param index="0">
              <value>
                <![CDATA[chrome]]>
              </value>
            </param>
          </params>
          <reporter-output>
          </reporter-output>
        </test-method> <!-- setUp -->
        <test-method is-config="true" signature="accountSetUp()[pri:0, instance:com.qa.opencart.tests.AccountsPageTests@1526f71]" started-at="2024-07-15T20:57:18 PDT" name="accountSetUp" finished-at="2024-07-15T20:57:26 PDT" duration-ms="8004" status="PASS">
          <reporter-output>
          </reporter-output>
        </test-method> <!-- accountSetUp -->
        <test-method signature="accPageHeadersList()[pri:0, instance:com.qa.opencart.tests.AccountsPageTests@1526f71]" started-at="2024-07-15T20:57:26 PDT" name="accPageHeadersList" finished-at="2024-07-15T20:57:29 PDT" duration-ms="2712" status="PASS">
          <reporter-output>
          </reporter-output>
        </test-method> <!-- accPageHeadersList -->
        <test-method signature="accountPageTitleTest()[pri:0, instance:com.qa.opencart.tests.AccountsPageTests@1526f71]" started-at="2024-07-15T20:57:29 PDT" name="accountPageTitleTest" finished-at="2024-07-15T20:57:29 PDT" duration-ms="411" status="PASS">
          <reporter-output>
          </reporter-output>
        </test-method> <!-- accountPageTitleTest -->
        <test-method signature="accountPageUrlTest()[pri:0, instance:com.qa.opencart.tests.AccountsPageTests@1526f71]" started-at="2024-07-15T20:57:29 PDT" name="accountPageUrlTest" finished-at="2024-07-15T20:57:30 PDT" duration-ms="447" status="PASS">
          <reporter-output>
          </reporter-output>
        </test-method> <!-- accountPageUrlTest -->
        <test-method signature="searchTest(java.lang.String,int)[pri:0, instance:com.qa.opencart.tests.AccountsPageTests@1526f71]" started-at="2024-07-15T20:57:30 PDT" name="searchTest" data-provider="getSearchData" finished-at="2024-07-15T20:57:35 PDT" duration-ms="5528" status="PASS">
          <params>
            <param index="0">
              <value>
                <![CDATA[macbook]]>
              </value>
            </param>
            <param index="1">
              <value>
                <![CDATA[3]]>
              </value>
            </param>
          </params>
          <reporter-output>
          </reporter-output>
        </test-method> <!-- searchTest -->
        <test-method signature="searchTest(java.lang.String,int)[pri:0, instance:com.qa.opencart.tests.AccountsPageTests@1526f71]" started-at="2024-07-15T20:57:35 PDT" name="searchTest" data-provider="getSearchData" finished-at="2024-07-15T20:57:38 PDT" duration-ms="2704" status="PASS">
          <params>
            <param index="0">
              <value>
                <![CDATA[imac]]>
              </value>
            </param>
            <param index="1">
              <value>
                <![CDATA[1]]>
              </value>
            </param>
          </params>
          <reporter-output>
          </reporter-output>
        </test-method> <!-- searchTest -->
        <test-method signature="searchTest(java.lang.String,int)[pri:0, instance:com.qa.opencart.tests.AccountsPageTests@1526f71]" started-at="2024-07-15T20:57:38 PDT" name="searchTest" data-provider="getSearchData" finished-at="2024-07-15T20:57:41 PDT" duration-ms="2965" status="PASS">
          <params>
            <param index="0">
              <value>
                <![CDATA[samsung]]>
              </value>
            </param>
            <param index="1">
              <value>
                <![CDATA[2]]>
              </value>
            </param>
          </params>
          <reporter-output>
          </reporter-output>
        </test-method> <!-- searchTest -->
        <test-method signature="searchTest(java.lang.String,int)[pri:0, instance:com.qa.opencart.tests.AccountsPageTests@1526f71]" started-at="2024-07-15T20:57:41 PDT" name="searchTest" data-provider="getSearchData" finished-at="2024-07-15T20:57:53 PDT" duration-ms="12325" status="PASS">
          <params>
            <param index="0">
              <value>
                <![CDATA[Airtel]]>
              </value>
            </param>
            <param index="1">
              <value>
                <![CDATA[0]]>
              </value>
            </param>
          </params>
          <reporter-output>
          </reporter-output>
        </test-method> <!-- searchTest -->
        <test-method is-config="true" signature="tearDown()[pri:0, instance:com.qa.opencart.tests.AccountsPageTests@1526f71]" started-at="2024-07-15T20:57:53 PDT" name="tearDown" finished-at="2024-07-15T20:57:54 PDT" duration-ms="446" status="PASS">
          <reporter-output>
          </reporter-output>
        </test-method> <!-- tearDown -->
      </class> <!-- com.qa.opencart.tests.AccountsPageTests -->
    </test> <!-- Account Page Test -->
    <test started-at="2024-07-15T20:57:32 PDT" name="Registration Page Tests" finished-at="2024-07-15T20:58:06 PDT" duration-ms="33420">
      <class name="com.qa.opencart.tests.RegistrationPageTests">
        <test-method is-config="true" signature="setUp(java.lang.String)[pri:0, instance:com.qa.opencart.tests.RegistrationPageTests@68c9e023]" started-at="2024-07-15T20:57:32 PDT" name="setUp" finished-at="2024-07-15T20:57:39 PDT" duration-ms="7034" status="PASS">
          <params>
            <param index="0">
              <value>
                <![CDATA[chrome]]>
              </value>
            </param>
          </params>
          <reporter-output>
          </reporter-output>
        </test-method> <!-- setUp -->
        <test-method is-config="true" signature="registrationSetUp()[pri:0, instance:com.qa.opencart.tests.RegistrationPageTests@68c9e023]" started-at="2024-07-15T20:57:39 PDT" name="registrationSetUp" finished-at="2024-07-15T20:57:42 PDT" duration-ms="2176" status="PASS">
          <reporter-output>
          </reporter-output>
        </test-method> <!-- registrationSetUp -->
        <test-method signature="userRegistrationTest(java.lang.String,java.lang.String,java.lang.String,java.lang.String,java.lang.String)[pri:0, instance:com.qa.opencart.tests.RegistrationPageTests@68c9e023]" started-at="2024-07-15T20:57:42 PDT" name="userRegistrationTest" data-provider="userRegisterData" finished-at="2024-07-15T20:57:50 PDT" duration-ms="8271" status="PASS">
          <params>
            <param index="0">
              <value>
                <![CDATA[Mohana]]>
              </value>
            </param>
            <param index="1">
              <value>
                <![CDATA[automation]]>
              </value>
            </param>
            <param index="2">
              <value>
                <![CDATA[8934567230]]>
              </value>
            </param>
            <param index="3">
              <value>
                <![CDATA[mohana@123]]>
              </value>
            </param>
            <param index="4">
              <value>
                <![CDATA[yes]]>
              </value>
            </param>
          </params>
          <reporter-output>
          </reporter-output>
        </test-method> <!-- userRegistrationTest -->
        <test-method signature="userRegistrationTest(java.lang.String,java.lang.String,java.lang.String,java.lang.String,java.lang.String)[pri:0, instance:com.qa.opencart.tests.RegistrationPageTests@68c9e023]" started-at="2024-07-15T20:57:50 PDT" name="userRegistrationTest" data-provider="userRegisterData" finished-at="2024-07-15T20:57:58 PDT" duration-ms="7867" status="PASS">
          <params>
            <param index="0">
              <value>
                <![CDATA[Madhu]]>
              </value>
            </param>
            <param index="1">
              <value>
                <![CDATA[automation]]>
              </value>
            </param>
            <param index="2">
              <value>
                <![CDATA[7834065444]]>
              </value>
            </param>
            <param index="3">
              <value>
                <![CDATA[madhu@657]]>
              </value>
            </param>
            <param index="4">
              <value>
                <![CDATA[no]]>
              </value>
            </param>
          </params>
          <reporter-output>
          </reporter-output>
        </test-method> <!-- userRegistrationTest -->
        <test-method signature="userRegistrationTest(java.lang.String,java.lang.String,java.lang.String,java.lang.String,java.lang.String)[pri:0, instance:com.qa.opencart.tests.RegistrationPageTests@68c9e023]" started-at="2024-07-15T20:57:58 PDT" name="userRegistrationTest" data-provider="userRegisterData" finished-at="2024-07-15T20:58:06 PDT" duration-ms="7857" status="PASS">
          <params>
            <param index="0">
              <value>
                <![CDATA[Harsha]]>
              </value>
            </param>
            <param index="1">
              <value>
                <![CDATA[automation]]>
              </value>
            </param>
            <param index="2">
              <value>
                <![CDATA[7834805444]]>
              </value>
            </param>
            <param index="3">
              <value>
                <![CDATA[harsha@657]]>
              </value>
            </param>
            <param index="4">
              <value>
                <![CDATA[yes]]>
              </value>
            </param>
          </params>
          <reporter-output>
          </reporter-output>
        </test-method> <!-- userRegistrationTest -->
        <test-method is-config="true" signature="tearDown()[pri:0, instance:com.qa.opencart.tests.RegistrationPageTests@68c9e023]" started-at="2024-07-15T20:58:06 PDT" name="tearDown" finished-at="2024-07-15T20:58:06 PDT" duration-ms="174" status="PASS">
          <reporter-output>
          </reporter-output>
        </test-method> <!-- tearDown -->
      </class> <!-- com.qa.opencart.tests.RegistrationPageTests -->
    </test> <!-- Registration Page Tests -->
    <test started-at="2024-07-15T20:57:05 PDT" name="ProductionInfo Page Test" finished-at="2024-07-15T20:58:10 PDT" duration-ms="65031">
      <class name="com.qa.opencart.tests.ProductInfoPageTests">
        <test-method is-config="true" signature="setUp(java.lang.String)[pri:0, instance:com.qa.opencart.tests.ProductInfoPageTests@51bddd98]" started-at="2024-07-15T20:57:05 PDT" name="setUp" finished-at="2024-07-15T20:57:18 PDT" duration-ms="13123" status="PASS">
          <params>
            <param index="0">
              <value>
                <![CDATA[chrome]]>
              </value>
            </param>
          </params>
          <reporter-output>
          </reporter-output>
        </test-method> <!-- setUp -->
        <test-method is-config="true" signature="productInfoPageSetUp()[pri:0, instance:com.qa.opencart.tests.ProductInfoPageTests@51bddd98]" started-at="2024-07-15T20:57:18 PDT" name="productInfoPageSetUp" finished-at="2024-07-15T20:57:26 PDT" duration-ms="7807" status="PASS">
          <reporter-output>
          </reporter-output>
        </test-method> <!-- productInfoPageSetUp -->
        <test-method signature="productHeaderTest(java.lang.String,java.lang.String)[pri:0, instance:com.qa.opencart.tests.ProductInfoPageTests@51bddd98]" started-at="2024-07-15T20:57:26 PDT" name="productHeaderTest" data-provider="getProductData" finished-at="2024-07-15T20:57:36 PDT" duration-ms="9737" status="PASS">
          <params>
            <param index="0">
              <value>
                <![CDATA[macbook]]>
              </value>
            </param>
            <param index="1">
              <value>
                <![CDATA[MacBook Pro]]>
              </value>
            </param>
          </params>
          <reporter-output>
          </reporter-output>
        </test-method> <!-- productHeaderTest -->
        <test-method signature="productHeaderTest(java.lang.String,java.lang.String)[pri:0, instance:com.qa.opencart.tests.ProductInfoPageTests@51bddd98]" started-at="2024-07-15T20:57:36 PDT" name="productHeaderTest" data-provider="getProductData" finished-at="2024-07-15T20:57:39 PDT" duration-ms="3883" status="PASS">
          <params>
            <param index="0">
              <value>
                <![CDATA[imac]]>
              </value>
            </param>
            <param index="1">
              <value>
                <![CDATA[iMac]]>
              </value>
            </param>
          </params>
          <reporter-output>
          </reporter-output>
        </test-method> <!-- productHeaderTest -->
        <test-method signature="productHeaderTest(java.lang.String,java.lang.String)[pri:0, instance:com.qa.opencart.tests.ProductInfoPageTests@51bddd98]" started-at="2024-07-15T20:57:39 PDT" name="productHeaderTest" data-provider="getProductData" finished-at="2024-07-15T20:57:44 PDT" duration-ms="4531" status="PASS">
          <params>
            <param index="0">
              <value>
                <![CDATA[samsung]]>
              </value>
            </param>
            <param index="1">
              <value>
                <![CDATA[Samsung SyncMaster 941BW]]>
              </value>
            </param>
          </params>
          <reporter-output>
          </reporter-output>
        </test-method> <!-- productHeaderTest -->
        <test-method signature="productHeaderTest(java.lang.String,java.lang.String)[pri:0, instance:com.qa.opencart.tests.ProductInfoPageTests@51bddd98]" started-at="2024-07-15T20:57:44 PDT" name="productHeaderTest" data-provider="getProductData" finished-at="2024-07-15T20:57:47 PDT" duration-ms="3011" status="PASS">
          <params>
            <param index="0">
              <value>
                <![CDATA[samsung]]>
              </value>
            </param>
            <param index="1">
              <value>
                <![CDATA[Samsung Galaxy Tab 10.1]]>
              </value>
            </param>
          </params>
          <reporter-output>
          </reporter-output>
        </test-method> <!-- productHeaderTest -->
        <test-method signature="productHeaderTest(java.lang.String,java.lang.String)[pri:0, instance:com.qa.opencart.tests.ProductInfoPageTests@51bddd98]" started-at="2024-07-15T20:57:47 PDT" name="productHeaderTest" data-provider="getProductData" finished-at="2024-07-15T20:57:50 PDT" duration-ms="2586" status="PASS">
          <params>
            <param index="0">
              <value>
                <![CDATA[canon]]>
              </value>
            </param>
            <param index="1">
              <value>
                <![CDATA[Canon EOS 5D]]>
              </value>
            </param>
          </params>
          <reporter-output>
          </reporter-output>
        </test-method> <!-- productHeaderTest -->
        <test-method signature="productImagesCountTest(java.lang.String,java.lang.String,int)[pri:0, instance:com.qa.opencart.tests.ProductInfoPageTests@51bddd98]" started-at="2024-07-15T20:57:50 PDT" name="productImagesCountTest" data-provider="getProductImageData" finished-at="2024-07-15T20:57:53 PDT" duration-ms="2968" status="PASS">
          <params>
            <param index="0">
              <value>
                <![CDATA[macbook]]>
              </value>
            </param>
            <param index="1">
              <value>
                <![CDATA[MacBook Pro]]>
              </value>
            </param>
            <param index="2">
              <value>
                <![CDATA[4]]>
              </value>
            </param>
          </params>
          <reporter-output>
          </reporter-output>
        </test-method> <!-- productImagesCountTest -->
        <test-method signature="productImagesCountTest(java.lang.String,java.lang.String,int)[pri:0, instance:com.qa.opencart.tests.ProductInfoPageTests@51bddd98]" started-at="2024-07-15T20:57:53 PDT" name="productImagesCountTest" data-provider="getProductImageData" finished-at="2024-07-15T20:57:56 PDT" duration-ms="3517" status="PASS">
          <params>
            <param index="0">
              <value>
                <![CDATA[imac]]>
              </value>
            </param>
            <param index="1">
              <value>
                <![CDATA[iMac]]>
              </value>
            </param>
            <param index="2">
              <value>
                <![CDATA[3]]>
              </value>
            </param>
          </params>
          <reporter-output>
          </reporter-output>
        </test-method> <!-- productImagesCountTest -->
        <test-method signature="productImagesCountTest(java.lang.String,java.lang.String,int)[pri:0, instance:com.qa.opencart.tests.ProductInfoPageTests@51bddd98]" started-at="2024-07-15T20:57:56 PDT" name="productImagesCountTest" data-provider="getProductImageData" finished-at="2024-07-15T20:57:59 PDT" duration-ms="3269" status="PASS">
          <params>
            <param index="0">
              <value>
                <![CDATA[samsung]]>
              </value>
            </param>
            <param index="1">
              <value>
                <![CDATA[Samsung SyncMaster 941BW]]>
              </value>
            </param>
            <param index="2">
              <value>
                <![CDATA[1]]>
              </value>
            </param>
          </params>
          <reporter-output>
          </reporter-output>
        </test-method> <!-- productImagesCountTest -->
        <test-method signature="productImagesCountTest(java.lang.String,java.lang.String,int)[pri:0, instance:com.qa.opencart.tests.ProductInfoPageTests@51bddd98]" started-at="2024-07-15T20:57:59 PDT" name="productImagesCountTest" data-provider="getProductImageData" finished-at="2024-07-15T20:58:03 PDT" duration-ms="3234" status="PASS">
          <params>
            <param index="0">
              <value>
                <![CDATA[samsung]]>
              </value>
            </param>
            <param index="1">
              <value>
                <![CDATA[Samsung Galaxy Tab 10.1]]>
              </value>
            </param>
            <param index="2">
              <value>
                <![CDATA[7]]>
              </value>
            </param>
          </params>
          <reporter-output>
          </reporter-output>
        </test-method> <!-- productImagesCountTest -->
        <test-method signature="productImagesCountTest(java.lang.String,java.lang.String,int)[pri:0, instance:com.qa.opencart.tests.ProductInfoPageTests@51bddd98]" started-at="2024-07-15T20:58:03 PDT" name="productImagesCountTest" data-provider="getProductImageData" finished-at="2024-07-15T20:58:05 PDT" duration-ms="2589" status="PASS">
          <params>
            <param index="0">
              <value>
                <![CDATA[canon]]>
              </value>
            </param>
            <param index="1">
              <value>
                <![CDATA[Canon EOS 5D]]>
              </value>
            </param>
            <param index="2">
              <value>
                <![CDATA[3]]>
              </value>
            </param>
          </params>
          <reporter-output>
          </reporter-output>
        </test-method> <!-- productImagesCountTest -->
        <test-method signature="productInfoTest()[pri:0, instance:com.qa.opencart.tests.ProductInfoPageTests@51bddd98]" started-at="2024-07-15T20:58:05 PDT" name="productInfoTest" finished-at="2024-07-15T20:58:09 PDT" duration-ms="4265" status="PASS">
          <reporter-output>
          </reporter-output>
        </test-method> <!-- productInfoTest -->
        <test-method is-config="true" signature="tearDown()[pri:0, instance:com.qa.opencart.tests.ProductInfoPageTests@51bddd98]" started-at="2024-07-15T20:58:09 PDT" name="tearDown" finished-at="2024-07-15T20:58:10 PDT" duration-ms="202" status="PASS">
          <reporter-output>
          </reporter-output>
        </test-method> <!-- tearDown -->
      </class> <!-- com.qa.opencart.tests.ProductInfoPageTests -->
    </test> <!-- ProductionInfo Page Test -->
  </suite> <!-- OpenCart App Regression Test -->
</testng-results>
